Added Component: Designator=C1(0603c)
Added Component: Designator=C2(0603c)
Added Component: Designator=C3(0603c)
Added Component: Designator=C4(0603c)
Added Component: Designator=C5(0603c)
Added Component: Designator=C6(0603c)
Added Component: Designator=C7(0603c)
Added Component: Designator=C8(0603c)
Added Component: Designator=C9(0805)
Added Component: Designator=C10(0603c)
Added Component: Designator=C11(0603c)
Added Component: Designator=C15(0603c)
Added Component: Designator=C16(0805)
Added Component: Designator=C17(0603c)
Added Component: Designator=CC1(0603c)
Added Component: Designator=CC2(0603c)
Added Component: Designator=CC3(0603c)
Added Component: Designator=CC4(0603c)
Added Component: Designator=CC5(0603c)
Added Component: Designator=CC6(0603c)
Added Component: Designator=CC7(0603c)
Added Component: Designator=D1(0805)
Added Component: Designator=D2(0805)
Added Component: Designator=D3(0805)
Added Component: Designator=L1(0805)
Added Component: Designator=NRF1(HDR2X4)
Added Component: Designator=P1-5110(HDR1X8)
Added Component: Designator=P2-B6-9(6p)
Added Component: Designator=P3-B10(2p)
Added Component: Designator=P4-B11(2p)
Added Component: Designator=P5-B-A(HDR1X3)
Added Component: Designator=P6(12p)
Added Component: Designator=P7(12p)
Added Component: Designator=P8(2p)
Added Component: Designator=POWER1(2p)
Added Component: Designator=R1(0603c)
Added Component: Designator=R2(0603c)
Added Component: Designator=R3(0603c)
Added Component: Designator=R4(0603c)
Added Component: Designator=R5(0603c)
Added Component: Designator=R6(0603c)
Added Component: Designator=R7-0(0805)
Added Component: Designator=R8(0603c)
Added Component: Designator=R9(0603c)
Added Component: Designator=R10-D(0603c)
Added Component: Designator=R11(0603c)
Added Component: Designator=R12(0603c)
Added Component: Designator=R13(0603c)
Added Component: Designator=R14(0603c)
Added Component: Designator=R15-D(0603c)
Added Component: Designator=R16(0603c)
Added Component: Designator=R17(0603c)
Added Component: Designator=R18(0603c)
Added Component: Designator=R19(0603c)
Added Component: Designator=R20(0805)
Added Component: Designator=SW1(HDR1X4)
Added Component: Designator=U1(LQFP48S)
Added Component: Designator=U2(SOT-89)
Added Component: Designator=U3(SOT-89)
Added Component: Designator=USART1(SIP2)
Added Component: Designator=Y1(¾§Õñ)
Added Pin To Net: NetName=3.3_2 Pin=CC4-2
Added Pin To Net: NetName=3.3_2 Pin=CC5-2
Added Pin To Net: NetName=3.3_2 Pin=CC6-2
Added Pin To Net: NetName=3.3_2 Pin=CC7-2
Added Pin To Net: NetName=3.3_2 Pin=NRF1-2
Added Pin To Net: NetName=3.3_2 Pin=R6-2
Added Pin To Net: NetName=3.3_2 Pin=R15-D-1
Added Pin To Net: NetName=3.3_2 Pin=U3-3
Added Net: Name=3.3_2
Added Pin To Net: NetName=3.3V Pin=C1-2
Added Pin To Net: NetName=3.3V Pin=C2-2
Added Pin To Net: NetName=3.3V Pin=C4-2
Added Pin To Net: NetName=3.3V Pin=C11-2
Added Pin To Net: NetName=3.3V Pin=CC1-2
Added Pin To Net: NetName=3.3V Pin=CC2-2
Added Pin To Net: NetName=3.3V Pin=CC3-2
Added Pin To Net: NetName=3.3V Pin=L1-1
Added Pin To Net: NetName=3.3V Pin=P1-5110-6
Added Pin To Net: NetName=3.3V Pin=P1-5110-7
Added Pin To Net: NetName=3.3V Pin=P6-4
Added Pin To Net: NetName=3.3V Pin=P6-7
Added Pin To Net: NetName=3.3V Pin=P7-4
Added Pin To Net: NetName=3.3V Pin=P7-7
Added Pin To Net: NetName=3.3V Pin=R2-2
Added Pin To Net: NetName=3.3V Pin=R7-0-2
Added Pin To Net: NetName=3.3V Pin=R8-2
Added Pin To Net: NetName=3.3V Pin=R9-2
Added Pin To Net: NetName=3.3V Pin=R10-D-1
Added Pin To Net: NetName=3.3V Pin=SW1-4
Added Pin To Net: NetName=3.3V Pin=U1-24
Added Pin To Net: NetName=3.3V Pin=U1-36
Added Pin To Net: NetName=3.3V Pin=U1-48
Added Pin To Net: NetName=3.3V Pin=U2-3
Added Net: Name=3.3V
Added Pin To Net: NetName=ADC_KEY_L Pin=C7-2
Added Pin To Net: NetName=ADC_KEY_L Pin=R11-2
Added Pin To Net: NetName=ADC_KEY_L Pin=U1-18
Added Net: Name=ADC_KEY_L
Added Pin To Net: NetName=ADC_KEY_R Pin=C8-2
Added Pin To Net: NetName=ADC_KEY_R Pin=R12-2
Added Pin To Net: NetName=ADC_KEY_R Pin=U1-19
Added Net: Name=ADC_KEY_R
Added Pin To Net: NetName=ADC_PITCH Pin=P7-5
Added Pin To Net: NetName=ADC_PITCH Pin=U1-12
Added Net: Name=ADC_PITCH
Added Pin To Net: NetName=ADC_POWER Pin=R3-1
Added Pin To Net: NetName=ADC_POWER Pin=R4-2
Added Pin To Net: NetName=ADC_POWER Pin=U1-14
Added Net: Name=ADC_POWER
Added Pin To Net: NetName=ADC_ROLL Pin=P7-8
Added Pin To Net: NetName=ADC_ROLL Pin=U1-13
Added Net: Name=ADC_ROLL
Added Pin To Net: NetName=ADC_THR Pin=P6-5
Added Pin To Net: NetName=ADC_THR Pin=U1-10
Added Net: Name=ADC_THR
Added Pin To Net: NetName=ADC_YAW Pin=P6-8
Added Pin To Net: NetName=ADC_YAW Pin=U1-11
Added Net: Name=ADC_YAW
Added Pin To Net: NetName=AGND Pin=C7-1
Added Pin To Net: NetName=AGND Pin=C8-1
Added Pin To Net: NetName=AGND Pin=P6-2
Added Pin To Net: NetName=AGND Pin=P6-6
Added Pin To Net: NetName=AGND Pin=P6-9
Added Pin To Net: NetName=AGND Pin=P6-11
Added Pin To Net: NetName=AGND Pin=P7-2
Added Pin To Net: NetName=AGND Pin=P7-6
Added Pin To Net: NetName=AGND Pin=P7-9
Added Pin To Net: NetName=AGND Pin=P7-11
Added Pin To Net: NetName=AGND Pin=R4-1
Added Pin To Net: NetName=AGND Pin=R20-2
Added Pin To Net: NetName=AGND Pin=U1-8
Added Net: Name=AGND
Added Pin To Net: NetName=AVDD Pin=C15-2
Added Pin To Net: NetName=AVDD Pin=L1-2
Added Pin To Net: NetName=AVDD Pin=U1-9
Added Net: Name=AVDD
Added Pin To Net: NetName=BAT Pin=P8-1
Added Pin To Net: NetName=BAT Pin=POWER1-2
Added Pin To Net: NetName=BAT Pin=R3-2
Added Net: Name=BAT
Added Pin To Net: NetName=BOOT0 Pin=R5-2
Added Pin To Net: NetName=BOOT0 Pin=U1-44
Added Net: Name=BOOT0
Added Pin To Net: NetName=BOOT1 Pin=R1-1
Added Pin To Net: NetName=BOOT1 Pin=U1-20
Added Net: Name=BOOT1
Added Pin To Net: NetName=CE Pin=P1-5110-2
Added Pin To Net: NetName=CE Pin=U1-16
Added Net: Name=CE
Added Pin To Net: NetName=CLK Pin=P1-5110-5
Added Pin To Net: NetName=CLK Pin=U1-32
Added Net: Name=CLK
Added Pin To Net: NetName=DC Pin=P1-5110-3
Added Pin To Net: NetName=DC Pin=U1-17
Added Net: Name=DC
Added Pin To Net: NetName=DGND Pin=C1-1
Added Pin To Net: NetName=DGND Pin=C2-1
Added Pin To Net: NetName=DGND Pin=C3-1
Added Pin To Net: NetName=DGND Pin=C4-1
Added Pin To Net: NetName=DGND Pin=C5-1
Added Pin To Net: NetName=DGND Pin=C6-1
Added Pin To Net: NetName=DGND Pin=C9-1
Added Pin To Net: NetName=DGND Pin=C10-1
Added Pin To Net: NetName=DGND Pin=C11-1
Added Pin To Net: NetName=DGND Pin=C15-1
Added Pin To Net: NetName=DGND Pin=C16-1
Added Pin To Net: NetName=DGND Pin=C17-1
Added Pin To Net: NetName=DGND Pin=CC1-1
Added Pin To Net: NetName=DGND Pin=CC2-1
Added Pin To Net: NetName=DGND Pin=CC3-1
Added Pin To Net: NetName=DGND Pin=CC4-1
Added Pin To Net: NetName=DGND Pin=CC5-1
Added Pin To Net: NetName=DGND Pin=CC6-1
Added Pin To Net: NetName=DGND Pin=CC7-1
Added Pin To Net: NetName=DGND Pin=D1-2
Added Pin To Net: NetName=DGND Pin=D2-2
Added Pin To Net: NetName=DGND Pin=NRF1-1
Added Pin To Net: NetName=DGND Pin=P1-5110-8
Added Pin To Net: NetName=DGND Pin=P2-B6-9-2
Added Pin To Net: NetName=DGND Pin=P2-B6-9-5
Added Pin To Net: NetName=DGND Pin=P3-B10-2
Added Pin To Net: NetName=DGND Pin=P4-B11-2
Added Pin To Net: NetName=DGND Pin=POWER1-1
Added Pin To Net: NetName=DGND Pin=R1-2
Added Pin To Net: NetName=DGND Pin=R5-1
Added Pin To Net: NetName=DGND Pin=R20-1
Added Pin To Net: NetName=DGND Pin=SW1-1
Added Pin To Net: NetName=DGND Pin=U1-23
Added Pin To Net: NetName=DGND Pin=U1-35
Added Pin To Net: NetName=DGND Pin=U1-47
Added Pin To Net: NetName=DGND Pin=U2-1
Added Pin To Net: NetName=DGND Pin=U3-1
Added Net: Name=DGND
Added Pin To Net: NetName=DIN Pin=P1-5110-4
Added Pin To Net: NetName=DIN Pin=U1-29
Added Net: Name=DIN
Added Pin To Net: NetName=KEY_1 Pin=P6-1
Added Pin To Net: NetName=KEY_1 Pin=R8-1
Added Pin To Net: NetName=KEY_1 Pin=R11-1
Added Pin To Net: NetName=KEY_1 Pin=R13-2
Added Net: Name=KEY_1
Added Pin To Net: NetName=KEY_2 Pin=P6-3
Added Pin To Net: NetName=KEY_2 Pin=R13-1
Added Pin To Net: NetName=KEY_2 Pin=R16-2
Added Net: Name=KEY_2
Added Pin To Net: NetName=KEY_3 Pin=P6-10
Added Pin To Net: NetName=KEY_3 Pin=R16-1
Added Pin To Net: NetName=KEY_3 Pin=R18-2
Added Net: Name=KEY_3
Added Pin To Net: NetName=KEY_4 Pin=P6-12
Added Pin To Net: NetName=KEY_4 Pin=R18-1
Added Net: Name=KEY_4
Added Pin To Net: NetName=KEY_5 Pin=P7-1
Added Pin To Net: NetName=KEY_5 Pin=R9-1
Added Pin To Net: NetName=KEY_5 Pin=R12-1
Added Pin To Net: NetName=KEY_5 Pin=R14-2
Added Net: Name=KEY_5
Added Pin To Net: NetName=KEY_6 Pin=P7-3
Added Pin To Net: NetName=KEY_6 Pin=R14-1
Added Pin To Net: NetName=KEY_6 Pin=R17-2
Added Net: Name=KEY_6
Added Pin To Net: NetName=KEY_7 Pin=P7-10
Added Pin To Net: NetName=KEY_7 Pin=R17-1
Added Pin To Net: NetName=KEY_7 Pin=R19-2
Added Net: Name=KEY_7
Added Pin To Net: NetName=KEY_8 Pin=P7-12
Added Pin To Net: NetName=KEY_8 Pin=R19-1
Added Net: Name=KEY_8
Added Pin To Net: NetName=KEYY Pin=U1-38
Added Net: Name=KEYY
Added Pin To Net: NetName=LED0 Pin=D3-2
Added Pin To Net: NetName=LED0 Pin=U1-2
Added Net: Name=LED0
Added Pin To Net: NetName=MISO Pin=NRF1-7
Added Pin To Net: NetName=MISO Pin=U1-27
Added Net: Name=MISO
Added Pin To Net: NetName=MOSI Pin=NRF1-6
Added Pin To Net: NetName=MOSI Pin=U1-28
Added Net: Name=MOSI
Added Pin To Net: NetName=NetC5_2 Pin=C5-2
Added Pin To Net: NetName=NetC5_2 Pin=U1-5
Added Pin To Net: NetName=NetC5_2 Pin=Y1-2
Added Net: Name=NetC5_2
Added Pin To Net: NetName=NetC6_2 Pin=C6-2
Added Pin To Net: NetName=NetC6_2 Pin=U1-6
Added Pin To Net: NetName=NetC6_2 Pin=Y1-1
Added Net: Name=NetC6_2
Added Pin To Net: NetName=NetD1_1 Pin=D1-1
Added Pin To Net: NetName=NetD1_1 Pin=R10-D-2
Added Net: Name=NetD1_1
Added Pin To Net: NetName=NetD2_1 Pin=D2-1
Added Pin To Net: NetName=NetD2_1 Pin=R15-D-2
Added Net: Name=NetD2_1
Added Pin To Net: NetName=NetD3_1 Pin=D3-1
Added Pin To Net: NetName=NetD3_1 Pin=R6-1
Added Net: Name=NetD3_1
Added Pin To Net: NetName=NetR7-0_1 Pin=R7-0-1
Added Pin To Net: NetName=NetR7-0_1 Pin=U1-1
Added Net: Name=NetR7-0_1
Added Pin To Net: NetName=PA12 Pin=P5-B-A-1
Added Pin To Net: NetName=PA12 Pin=U1-33
Added Net: Name=PA12
Added Pin To Net: NetName=PB3 Pin=P5-B-A-3
Added Pin To Net: NetName=PB3 Pin=U1-39
Added Net: Name=PB3
Added Pin To Net: NetName=PB4 Pin=P5-B-A-2
Added Pin To Net: NetName=PB4 Pin=U1-40
Added Net: Name=PB4
Added Pin To Net: NetName=PB6 Pin=P2-B6-9-1
Added Pin To Net: NetName=PB6 Pin=U1-42
Added Net: Name=PB6
Added Pin To Net: NetName=PB7 Pin=P2-B6-9-3
Added Pin To Net: NetName=PB7 Pin=U1-43
Added Net: Name=PB7
Added Pin To Net: NetName=PB8 Pin=P2-B6-9-4
Added Pin To Net: NetName=PB8 Pin=U1-45
Added Net: Name=PB8
Added Pin To Net: NetName=PB9 Pin=P2-B6-9-6
Added Pin To Net: NetName=PB9 Pin=U1-46
Added Net: Name=PB9
Added Pin To Net: NetName=PB10 Pin=P3-B10-1
Added Pin To Net: NetName=PB10 Pin=U1-21
Added Net: Name=PB10
Added Pin To Net: NetName=PB11 Pin=P4-B11-1
Added Pin To Net: NetName=PB11 Pin=U1-22
Added Net: Name=PB11
Added Pin To Net: NetName=RST Pin=C3-2
Added Pin To Net: NetName=RST Pin=P1-5110-1
Added Pin To Net: NetName=RST Pin=R2-1
Added Pin To Net: NetName=RST Pin=U1-7
Added Pin To Net: NetName=RST Pin=U1-15
Added Net: Name=RST
Added Pin To Net: NetName=SWCLK Pin=SW1-3
Added Pin To Net: NetName=SWCLK Pin=U1-37
Added Net: Name=SWCLK
Added Pin To Net: NetName=SWDIO Pin=SW1-2
Added Pin To Net: NetName=SWDIO Pin=U1-34
Added Net: Name=SWDIO
Added Pin To Net: NetName=USART1_RX Pin=U1-31
Added Pin To Net: NetName=USART1_RX Pin=USART1-2
Added Net: Name=USART1_RX
Added Pin To Net: NetName=USART1_TX Pin=U1-30
Added Pin To Net: NetName=USART1_TX Pin=USART1-1
Added Net: Name=USART1_TX
Added Pin To Net: NetName=VCC Pin=C9-2
Added Pin To Net: NetName=VCC Pin=C10-2
Added Pin To Net: NetName=VCC Pin=C16-2
Added Pin To Net: NetName=VCC Pin=C17-2
Added Pin To Net: NetName=VCC Pin=P8-2
Added Pin To Net: NetName=VCC Pin=U2-2
Added Pin To Net: NetName=VCC Pin=U3-2
Added Net: Name=VCC
Added Pin To Net: NetName=W_CE Pin=NRF1-3
Added Pin To Net: NetName=W_CE Pin=U1-41
Added Net: Name=W_CE
Added Pin To Net: NetName=W_CSN Pin=NRF1-4
Added Pin To Net: NetName=W_CSN Pin=U1-25
Added Net: Name=W_CSN
Added Pin To Net: NetName=W_IRQ Pin=NRF1-8
Added Pin To Net: NetName=W_IRQ Pin=U1-3
Added Net: Name=W_IRQ
Added Pin To Net: NetName=W_SCK Pin=NRF1-5
Added Pin To Net: NetName=W_SCK Pin=U1-26
Added Net: Name=W_SCK
Added Class: Name=Sheet2
Added Room: Name=Sheet2
